#
# There is insufficient memory for the Java Runtime Environment to continue.
# Native memory allocation (malloc) failed to allocate 1048576 bytes for AllocateHeap
# Possible reasons:
#   The system is out of physical RAM or swap space
#   In 32 bit mode, the process size limit was hit
# Possible solutions:
#   Reduce memory load on the system
#   Increase physical memory or swap space
#   Check if swap backing store is full
#   Use 64 bit Java on a 64 bit OS
#   Decrease Java heap size (-Xmx/-Xms)
#   Decrease number of Java threads
#   Decrease Java thread stack sizes (-Xss)
#   Set larger code cache with -XX:ReservedCodeCacheSize=
# This output file may be truncated or incomplete.
#
#  Out of Memory Error (memory/allocation.inline.hpp:61), pid=7112, tid=0x0000000000006860
#
# JRE version:  (8.0) (build )
# Java VM: OpenJDK 64-Bit Server VM (25.71-b00 mixed mode windows-amd64 compressed oops)
# Failed to write core dump. Minidumps are not enabled by default on client versions of Windows
#

---------------  T H R E A D  ---------------

Current thread (0x0000000002a42800):  JavaThread "Unknown thread" [_thread_in_vm, id=26720, stack(0x0000000002940000,0x0000000002a40000)]

Stack: [0x0000000002940000,0x0000000002a40000]
[error occurred during error reporting (printing stack bounds), id 0xc0000005]

Native frames: (J=compiled Java code, j=interpreted, Vv=VM code, C=native code)


---------------  P R O C E S S  ---------------

Java Threads: ( => current thread )

Other Threads:

=>0x0000000002a42800 (exited) JavaThread "Unknown thread" [_thread_in_vm, id=26720, stack(0x0000000002940000,0x0000000002a40000)]

VM state:not at safepoint (normal execution)

VM Mutex/Monitor currently owned by a thread: None

Heap:
 PSYoungGen      total 75776K, used 1300K [0x000000076b800000, 0x0000000770c80000, 0x00000007c0000000)
  eden space 65024K, 2% used [0x000000076b800000,0x000000076b9451f8,0x000000076f780000)
  from space 10752K, 0% used [0x0000000770200000,0x0000000770200000,0x0000000770c80000)
  to   space 10752K, 0% used [0x000000076f780000,0x000000076f780000,0x0000000770200000)
 ParOldGen       total 173568K, used 0K [0x00000006c2800000, 0x00000006cd180000, 0x000000076b800000)
  object space 173568K, 0% used [0x00000006c2800000,0x00000006c2800000,0x00000006cd180000)
 Metaspace       used 777K, capacity 4480K, committed 4480K, reserved 1056768K
  class space    used 74K, capacity 384K, committed 384K, reserved 1048576K

Card table byte_map: [0x0000000011f00000,0x00000000126f0000] byte_map_base: 0x000000000e8ec000

Marking Bits: (ParMarkBitMap*) 0x000000005fdabe50
 Begin Bits: [0x0000000013640000, 0x00000000175a0000)
 End Bits:   [0x00000000175a0000, 0x000000001b500000)

Polling page: 0x0000000001090000

CodeCache: size=245760Kb used=328Kb max_used=328Kb free=245431Kb
 bounds [0x0000000002b40000, 0x0000000002db0000, 0x0000000011b40000]
 total_blobs=57 nmethods=0 adapters=38
 compilation: enabled

Compilation events (0 events):
No events

GC Heap History (0 events):
No events

Deoptimization events (0 events):
No events

Classes redefined (0 events):
No events

Internal exceptions (0 events):
No events

Events (10 events):
Event: 0.017 loading class java/lang/Short
Event: 0.017 loading class java/lang/Short done
Event: 0.017 loading class java/lang/Integer
Event: 0.017 loading class java/lang/Integer done
Event: 0.017 loading class java/lang/Long
Event: 0.017 loading class java/lang/Long done
Event: 0.018 loading class java/lang/NullPointerException
Event: 0.018 loading class java/lang/NullPointerException done
Event: 0.018 loading class java/lang/ArithmeticException
Event: 0.018 loading class java/lang/ArithmeticException done


Dynamic libraries:
0x00007ff6a0c50000 - 0x00007ff6a0c85000 	C:\Program Files\Unity\Hub\Editor\2021.3.25f1\Editor\Data\PlaybackEngines\AndroidPlayer\OpenJDK\bin\java.exe
0x00007fffe1110000 - 0x00007fffe1305000 	C:\Windows\SYSTEM32\ntdll.dll
0x00007fffdf7b0000 - 0x00007fffdf86e000 	C:\Windows\System32\KERNEL32.DLL
0x00007fffdeb70000 - 0x00007fffdee38000 	C:\Windows\System32\KERNELBASE.dll
0x00007fffe0f00000 - 0x00007fffe0fae000 	C:\Windows\System32\ADVAPI32.dll
0x00007fffe0fb0000 - 0x00007fffe104e000 	C:\Windows\System32\msvcrt.dll
0x00007fffdf170000 - 0x00007fffdf20c000 	C:\Windows\System32\sechost.dll
0x00007fffdfe30000 - 0x00007fffdff55000 	C:\Windows\System32\RPCRT4.dll
0x00007fffe0940000 - 0x00007fffe0ae1000 	C:\Windows\System32\USER32.dll
0x00007fffdee40000 - 0x00007fffdee62000 	C:\Windows\System32\win32u.dll
0x00007fffe0c30000 - 0x00007fffe0c5b000 	C:\Windows\System32\GDI32.dll
0x00007fffdf040000 - 0x00007fffdf14d000 	C:\Windows\System32\gdi32full.dll
0x00007fffdee70000 - 0x00007fffdef0d000 	C:\Windows\System32\msvcp_win.dll
0x00007fffde820000 - 0x00007fffde920000 	C:\Windows\System32\ucrtbase.dll
0x00007fffc4f20000 - 0x00007fffc51ba000 	C:\Windows\WinSxS\amd64_microsoft.windows.common-controls_6595b64144ccf1df_6.0.19041.1110_none_60b5254171f9507e\COMCTL32.dll
0x00007fffe0760000 - 0x00007fffe0790000 	C:\Windows\System32\IMM32.DLL
0x000000005fe30000 - 0x000000005ff02000 	C:\Program Files\Unity\Hub\Editor\2021.3.25f1\Editor\Data\PlaybackEngines\AndroidPlayer\OpenJDK\jre\bin\msvcr100.dll
0x000000005f5e0000 - 0x000000005fe29000 	C:\Program Files\Unity\Hub\Editor\2021.3.25f1\Editor\Data\PlaybackEngines\AndroidPlayer\OpenJDK\jre\bin\server\jvm.dll
0x00007fffdf940000 - 0x00007fffdf948000 	C:\Windows\System32\PSAPI.DLL
0x00007fffcc290000 - 0x00007fffcc2b7000 	C:\Windows\SYSTEM32\WINMM.dll
0x00007fffd7f30000 - 0x00007fffd7f3a000 	C:\Windows\SYSTEM32\VERSION.dll
0x00007fffd9760000 - 0x00007fffd9769000 	C:\Windows\SYSTEM32\WSOCK32.dll
0x00007fffe1060000 - 0x00007fffe10cb000 	C:\Windows\System32\WS2_32.dll
0x00007fffb7160000 - 0x00007fffb716f000 	C:\Program Files\Unity\Hub\Editor\2021.3.25f1\Editor\Data\PlaybackEngines\AndroidPlayer\OpenJDK\jre\bin\verify.dll
0x00007fff9b1c0000 - 0x00007fff9b1e9000 	C:\Program Files\Unity\Hub\Editor\2021.3.25f1\Editor\Data\PlaybackEngines\AndroidPlayer\OpenJDK\jre\bin\java.dll
0x00007fffa2e00000 - 0x00007fffa2e16000 	C:\Program Files\Unity\Hub\Editor\2021.3.25f1\Editor\Data\PlaybackEngines\AndroidPlayer\OpenJDK\jre\bin\zip.dll

VM Arguments:
jvm_args: -Dfile.encoding=UTF-8 
java_command: <unknown>
java_class_path (initial): .
Launcher Type: SUN_STANDARD

Environment Variables:
JAVA_HOME=C:/Program Files/Unity/Hub/Editor/2021.3.25f1/Editor/Data/PlaybackEngines/AndroidPlayer\OpenJDK
JAVA_TOOL_OPTIONS=-Dfile.encoding=UTF-8
PATH=C:\ProgramData\Oracle\Java\javapath;C:\Program Files\Common Files\Oracle\Java\javapath;C:\Program Files (x86)\Common Files\Oracle\Java\javapath;C:\Program Files (x86)\VMware\VMware Player\bin\;C:\Windows\system32;C:\Windows;C:\Windows\System32\Wbem;C:\Windows\System32\WindowsPowerShell\v1.0\;C:\Windows\System32\OpenSSH\;C:\Program Files\NVIDIA Corporation\NVIDIA NvDLISR;C:\Program Files\Java\jdk-15.0.1\bin;C:\Program Files\dotnet\;C:\Program Files (x86)\NVIDIA Corporation\PhysX\Common;C:\Users\alprn\AppData\Roaming\Microsoft\Windows\Start Menu\Programs\Python 3.9;C:\Program Files\Git LFS;C:\Program Files\Git\cmd;C:\MinGW\bin;C:\Users\alprn\AppData\Local\Microsoft\WindowsApps;C:\Users\alprn\AppData\Local\Programs\Microsoft VS Code\bin;C:\Users\alprn\.dotnet\tools;C:\src\flutter\bin;C:\Users\alprn\AppData\Local\GitHubDesktop\bin
USERNAME=alprn
OS=Windows_NT
PROCESSOR_IDENTIFIER=Intel64 Family 6 Model 165 Stepping 2, GenuineIntel



---------------  S Y S T E M  ---------------

OS: Windows 10.0 , 64 bit Build 19041 (10.0.19041.1466)

CPU:total 12 (initial active 12) (6 cores per cpu, 2 threads per core) family 6 model 165 stepping 2, cmov, cx8, fxsr, mmx, sse, sse2, sse3, ssse3, sse4.1, sse4.2, popcnt, avx, avx2, aes, clmul, erms, 3dnowpref, lzcnt, ht, tsc, tscinvbit, bmi1, bmi2, adx

Memory: 4k page, physical 16609444k(2429720k free), swap 24870868k(6012k free)

vm_info: OpenJDK 64-Bit Server VM (25.71-b00) for windows-amd64 JRE (1.8.0-adoptopenjdk-_2018_05_19_00_59-b00), built on May 19 2018 01:02:12 by "jenkins" with MS VC++ 10.0 (VS2010)

time: Fri Aug 11 14:40:23 2023
elapsed time: 0 seconds (0d 0h 0m 0s)

